Building DAG of jobs...
Using shell: /usr/bin/bash
Provided cores: 2
Rules claiming more threads will be scaled down.
Job stats:
job                     count    min threads    max threads
--------------------  -------  -------------  -------------
all                         1              1              1
civicQuery_cnv            412              1              1
civicQuery_snv            412              1              1
wes_seiler_tcga_2022        1              1              1
total                     826              1              1

Select jobs to execute...

[Tue May 30 13:47:46 2023]
rule civicQuery_cnv:
    input: /cluster/work/nexus/antoine/Projects/2023_05_Molecular_Profil_CIViCutils/TCGA_Test/analysis/clinicalAnnotation/cnvs/BT-A3PJ-01A_vs_BT-A3PJ-10A.reformat.filtered.facets.overview.clinicalAnnotation.txt
    output: /cluster/work/nexus/antoine/Projects/2023_05_Molecular_Profil_CIViCutils/TCGA_Test/analysis/civic/cnvs/BT-A3PJ-01A_vs_BT-A3PJ-10A.reformat.filtered.facets.overview.clinicalAnnotation.civic_cnv.txt
    jobid: 460
    benchmark: /cluster/work/nexus/antoine/Projects/2023_05_Molecular_Profil_CIViCutils/TCGA_Test/analysis/civic/cnvs/BT-A3PJ-01A_vs_BT-A3PJ-10A.reformat.filtered.facets.overview.clinicalAnnotation.civicQuery_cnv.benchmark
    reason: Missing output files: /cluster/work/nexus/antoine/Projects/2023_05_Molecular_Profil_CIViCutils/TCGA_Test/analysis/civic/cnvs/BT-A3PJ-01A_vs_BT-A3PJ-10A.reformat.filtered.facets.overview.clinicalAnnotation.civic_cnv.txt
    wildcards: sample=cnvs/BT-A3PJ-01A_vs_BT-A3PJ-10A.reformat.filtered.facets.overview.clinicalAnnotation
    resources: tmpdir=/scratch/slurm-job.1401622


[Tue May 30 13:47:49 2023]
rule civicQuery_cnv:
    input: /cluster/work/nexus/antoine/Projects/2023_05_Molecular_Profil_CIViCutils/TCGA_Test/analysis/clinicalAnnotation/cnvs/G2-A2EC-01A_vs_G2-A2EC-10A.reformat.filtered.facets.overview.clinicalAnnotation.txt
    output: /cluster/work/nexus/antoine/Projects/2023_05_Molecular_Profil_CIViCutils/TCGA_Test/analysis/civic/cnvs/G2-A2EC-01A_vs_G2-A2EC-10A.reformat.filtered.facets.overview.clinicalAnnotation.civic_cnv.txt
    jobid: 633
    benchmark: /cluster/work/nexus/antoine/Projects/2023_05_Molecular_Profil_CIViCutils/TCGA_Test/analysis/civic/cnvs/G2-A2EC-01A_vs_G2-A2EC-10A.reformat.filtered.facets.overview.clinicalAnnotation.civicQuery_cnv.benchmark
    reason: Missing output files: /cluster/work/nexus/antoine/Projects/2023_05_Molecular_Profil_CIViCutils/TCGA_Test/analysis/civic/cnvs/G2-A2EC-01A_vs_G2-A2EC-10A.reformat.filtered.facets.overview.clinicalAnnotation.civic_cnv.txt
    wildcards: sample=cnvs/G2-A2EC-01A_vs_G2-A2EC-10A.reformat.filtered.facets.overview.clinicalAnnotation
    resources: tmpdir=/scratch/slurm-job.1401622

[Tue May 30 13:47:49 2023]
Error in rule civicQuery_cnv:
    jobid: 633
    input: /cluster/work/nexus/antoine/Projects/2023_05_Molecular_Profil_CIViCutils/TCGA_Test/analysis/clinicalAnnotation/cnvs/G2-A2EC-01A_vs_G2-A2EC-10A.reformat.filtered.facets.overview.clinicalAnnotation.txt
    output: /cluster/work/nexus/antoine/Projects/2023_05_Molecular_Profil_CIViCutils/TCGA_Test/analysis/civic/cnvs/G2-A2EC-01A_vs_G2-A2EC-10A.reformat.filtered.facets.overview.clinicalAnnotation.civic_cnv.txt
    shell:
        python /cluster/work/nexus/antoine/Projects/2023_05_Molecular_Profil_CIViCutils/civicutils/tcga_analysis/scripts/Query_CIViCutils.py  --infile /cluster/work/nexus/antoine/Projects/2023_05_Molecular_Profil_CIViCutils/TCGA_Test/analysis/clinicalAnnotation/cnvs/G2-A2EC-01A_vs_G2-A2EC-10A.reformat.filtered.facets.overview.clinicalAnnotation.txt --outfile /cluster/work/nexus/antoine/Projects/2023_05_Molecular_Profil_CIViCutils/TCGA_Test/analysis/civic/cnvs/G2-A2EC-01A_vs_G2-A2EC-10A.reformat.filtered.facets.overview.clinicalAnnotation.civic_cnv.txt --cancer_type_list "bladder" --black_list "" --high_level_list "solid tumor" --colname_gene Genes --colname_data CNV_category --data_type cnv
        (one of the commands exited with non-zero exit code; note that snakemake uses bash strict mode!)

[Tue May 30 13:47:49 2023]
Error in rule civicQuery_cnv:
    jobid: 460
    input: /cluster/work/nexus/antoine/Projects/2023_05_Molecular_Profil_CIViCutils/TCGA_Test/analysis/clinicalAnnotation/cnvs/BT-A3PJ-01A_vs_BT-A3PJ-10A.reformat.filtered.facets.overview.clinicalAnnotation.txt
    output: /cluster/work/nexus/antoine/Projects/2023_05_Molecular_Profil_CIViCutils/TCGA_Test/analysis/civic/cnvs/BT-A3PJ-01A_vs_BT-A3PJ-10A.reformat.filtered.facets.overview.clinicalAnnotation.civic_cnv.txt
    shell:
        python /cluster/work/nexus/antoine/Projects/2023_05_Molecular_Profil_CIViCutils/civicutils/tcga_analysis/scripts/Query_CIViCutils.py  --infile /cluster/work/nexus/antoine/Projects/2023_05_Molecular_Profil_CIViCutils/TCGA_Test/analysis/clinicalAnnotation/cnvs/BT-A3PJ-01A_vs_BT-A3PJ-10A.reformat.filtered.facets.overview.clinicalAnnotation.txt --outfile /cluster/work/nexus/antoine/Projects/2023_05_Molecular_Profil_CIViCutils/TCGA_Test/analysis/civic/cnvs/BT-A3PJ-01A_vs_BT-A3PJ-10A.reformat.filtered.facets.overview.clinicalAnnotation.civic_cnv.txt --cancer_type_list "bladder" --black_list "" --high_level_list "solid tumor" --colname_gene Genes --colname_data CNV_category --data_type cnv
        (one of the commands exited with non-zero exit code; note that snakemake uses bash strict mode!)

Removing output files of failed job civicQuery_cnv since they might be corrupted:
/cluster/work/nexus/antoine/Projects/2023_05_Molecular_Profil_CIViCutils/TCGA_Test/analysis/civic/cnvs/G2-A2EC-01A_vs_G2-A2EC-10A.reformat.filtered.facets.overview.clinicalAnnotation.civic_cnv.txt
Removing output files of failed job civicQuery_cnv since they might be corrupted:
/cluster/work/nexus/antoine/Projects/2023_05_Molecular_Profil_CIViCutils/TCGA_Test/analysis/civic/cnvs/BT-A3PJ-01A_vs_BT-A3PJ-10A.reformat.filtered.facets.overview.clinicalAnnotation.civic_cnv.txt
Shutting down, this might take some time.
Exiting because a job execution failed. Look above for error message
Complete log: .snakemake/log/2023-05-30T134742.923692.snakemake.log
