Building DAG of jobs...
Using shell: /usr/bin/bash
Provided cores: 2
Rules claiming more threads will be scaled down.
Job stats:
job                     count    min threads    max threads
--------------------  -------  -------------  -------------
all                         1              1              1
civicQuery_cnv            412              1              1
civicQuery_snv            412              1              1
wes_seiler_tcga_2022        1              1              1
total                     826              1              1

Select jobs to execute...

[Tue May 30 13:46:07 2023]
rule civicQuery_cnv:
    input: /cluster/work/nexus/antoine/Projects/2023_05_Molecular_Profil_CIViCutils/TCGA_Test/analysis/clinicalAnnotation/cnvs/YC-A89H-01A_vs_YC-A89H-10A.reformat.filtered.facets.overview.clinicalAnnotation.txt
    output: /cluster/work/nexus/antoine/Projects/2023_05_Molecular_Profil_CIViCutils/TCGA_Test/analysis/civic/cnvs/YC-A89H-01A_vs_YC-A89H-10A.reformat.filtered.facets.overview.clinicalAnnotation.civic_cnv.txt
    jobid: 789
    benchmark: /cluster/work/nexus/antoine/Projects/2023_05_Molecular_Profil_CIViCutils/TCGA_Test/analysis/civic/cnvs/YC-A89H-01A_vs_YC-A89H-10A.reformat.filtered.facets.overview.clinicalAnnotation.civicQuery_cnv.benchmark
    reason: Missing output files: /cluster/work/nexus/antoine/Projects/2023_05_Molecular_Profil_CIViCutils/TCGA_Test/analysis/civic/cnvs/YC-A89H-01A_vs_YC-A89H-10A.reformat.filtered.facets.overview.clinicalAnnotation.civic_cnv.txt
    wildcards: sample=cnvs/YC-A89H-01A_vs_YC-A89H-10A.reformat.filtered.facets.overview.clinicalAnnotation
    resources: tmpdir=/scratch/slurm-job.1398255


[Tue May 30 13:46:08 2023]
rule civicQuery_snv:
    input: /cluster/work/nexus/antoine/Projects/2023_05_Molecular_Profil_CIViCutils/TCGA_Test/analysis/clinicalAnnotation/G2-AA3F-01A_vs_G2-AA3F-10A.correctNames.snpEff.dbSNP.cosmic.clinVar.dbnsfp.pass.combined.overview.clinicalAnnotation.txt
    output: /cluster/work/nexus/antoine/Projects/2023_05_Molecular_Profil_CIViCutils/TCGA_Test/analysis/civic/G2-AA3F-01A_vs_G2-AA3F-10A.correctNames.snpEff.dbSNP.cosmic.clinVar.dbnsfp.pass.combined.overview.clinicalAnnotation.civic_snv.txt
    jobid: 234
    benchmark: /cluster/work/nexus/antoine/Projects/2023_05_Molecular_Profil_CIViCutils/TCGA_Test/analysis/civic/G2-AA3F-01A_vs_G2-AA3F-10A.correctNames.snpEff.dbSNP.cosmic.clinVar.dbnsfp.pass.combined.overview.clinicalAnnotation.civicQuery_snv.benchmark
    reason: Missing output files: /cluster/work/nexus/antoine/Projects/2023_05_Molecular_Profil_CIViCutils/TCGA_Test/analysis/civic/G2-AA3F-01A_vs_G2-AA3F-10A.correctNames.snpEff.dbSNP.cosmic.clinVar.dbnsfp.pass.combined.overview.clinicalAnnotation.civic_snv.txt
    wildcards: sample=G2-AA3F-01A_vs_G2-AA3F-10A.correctNames.snpEff.dbSNP.cosmic.clinVar.dbnsfp.pass.combined.overview.clinicalAnnotation
    resources: tmpdir=/scratch/slurm-job.1398255

[Tue May 30 13:46:08 2023]
Error in rule civicQuery_snv:
    jobid: 234
    input: /cluster/work/nexus/antoine/Projects/2023_05_Molecular_Profil_CIViCutils/TCGA_Test/analysis/clinicalAnnotation/G2-AA3F-01A_vs_G2-AA3F-10A.correctNames.snpEff.dbSNP.cosmic.clinVar.dbnsfp.pass.combined.overview.clinicalAnnotation.txt
    output: /cluster/work/nexus/antoine/Projects/2023_05_Molecular_Profil_CIViCutils/TCGA_Test/analysis/civic/G2-AA3F-01A_vs_G2-AA3F-10A.correctNames.snpEff.dbSNP.cosmic.clinVar.dbnsfp.pass.combined.overview.clinicalAnnotation.civic_snv.txt
    shell:
        python /cluster/work/nexus/antoine/Projects/2023_05_Molecular_Profil_CIViCutils/civicutils/tcga_analysis/scripts/Query_CIViCutils.py  --infile /cluster/work/nexus/antoine/Projects/2023_05_Molecular_Profil_CIViCutils/TCGA_Test/analysis/clinicalAnnotation/G2-AA3F-01A_vs_G2-AA3F-10A.correctNames.snpEff.dbSNP.cosmic.clinVar.dbnsfp.pass.combined.overview.clinicalAnnotation.txt --outfile /cluster/work/nexus/antoine/Projects/2023_05_Molecular_Profil_CIViCutils/TCGA_Test/analysis/civic/G2-AA3F-01A_vs_G2-AA3F-10A.correctNames.snpEff.dbSNP.cosmic.clinVar.dbnsfp.pass.combined.overview.clinicalAnnotation.civic_snv.txt --cancer_type_list "bladder" --black_list "" --high_level_list "solid tumor" --colname_gene Genes --colname_data Annotation --data_type snv --colname_varImpact VariantImpact --colname_exon VariantDetails
        (one of the commands exited with non-zero exit code; note that snakemake uses bash strict mode!)

[Tue May 30 13:46:08 2023]
Error in rule civicQuery_cnv:
    jobid: 789
    input: /cluster/work/nexus/antoine/Projects/2023_05_Molecular_Profil_CIViCutils/TCGA_Test/analysis/clinicalAnnotation/cnvs/YC-A89H-01A_vs_YC-A89H-10A.reformat.filtered.facets.overview.clinicalAnnotation.txt
    output: /cluster/work/nexus/antoine/Projects/2023_05_Molecular_Profil_CIViCutils/TCGA_Test/analysis/civic/cnvs/YC-A89H-01A_vs_YC-A89H-10A.reformat.filtered.facets.overview.clinicalAnnotation.civic_cnv.txt
    shell:
        python /cluster/work/nexus/antoine/Projects/2023_05_Molecular_Profil_CIViCutils/civicutils/tcga_analysis/scripts/Query_CIViCutils.py  --infile /cluster/work/nexus/antoine/Projects/2023_05_Molecular_Profil_CIViCutils/TCGA_Test/analysis/clinicalAnnotation/cnvs/YC-A89H-01A_vs_YC-A89H-10A.reformat.filtered.facets.overview.clinicalAnnotation.txt --outfile /cluster/work/nexus/antoine/Projects/2023_05_Molecular_Profil_CIViCutils/TCGA_Test/analysis/civic/cnvs/YC-A89H-01A_vs_YC-A89H-10A.reformat.filtered.facets.overview.clinicalAnnotation.civic_cnv.txt --cancer_type_list "bladder" --black_list "" --high_level_list "solid tumor" --colname_gene Genes --colname_data CNV_category --data_type cnv
        (one of the commands exited with non-zero exit code; note that snakemake uses bash strict mode!)

Removing output files of failed job civicQuery_cnv since they might be corrupted:
/cluster/work/nexus/antoine/Projects/2023_05_Molecular_Profil_CIViCutils/TCGA_Test/analysis/civic/cnvs/YC-A89H-01A_vs_YC-A89H-10A.reformat.filtered.facets.overview.clinicalAnnotation.civic_cnv.txt
Shutting down, this might take some time.
Exiting because a job execution failed. Look above for error message
Complete log: .snakemake/log/2023-05-30T134605.198610.snakemake.log
