Building DAG of jobs...
Using shell: /usr/bin/bash
Provided cores: 2
Rules claiming more threads will be scaled down.
Job stats:
job                     count    min threads    max threads
--------------------  -------  -------------  -------------
all                         1              1              1
civicQuery_cnv            412              1              1
civicQuery_snv            412              1              1
wes_seiler_tcga_2022        1              1              1
total                     826              1              1

Select jobs to execute...

[Tue May 30 13:42:42 2023]
rule civicQuery_cnv:
    input: /cluster/work/nexus/antoine/Projects/2023_05_Molecular_Profil_CIViCutils/TCGA_Test/analysis/clinicalAnnotation/cnvs/XF-A8HG-01A_vs_XF-A8HG-10A.reformat.filtered.facets.overview.clinicalAnnotation.txt
    output: /cluster/work/nexus/antoine/Projects/2023_05_Molecular_Profil_CIViCutils/TCGA_Test/analysis/civic/cnvs/XF-A8HG-01A_vs_XF-A8HG-10A.reformat.filtered.facets.overview.clinicalAnnotation.civic_cnv.txt
    jobid: 743
    benchmark: /cluster/work/nexus/antoine/Projects/2023_05_Molecular_Profil_CIViCutils/TCGA_Test/analysis/civic/cnvs/XF-A8HG-01A_vs_XF-A8HG-10A.reformat.filtered.facets.overview.clinicalAnnotation.civicQuery_cnv.benchmark
    reason: Missing output files: /cluster/work/nexus/antoine/Projects/2023_05_Molecular_Profil_CIViCutils/TCGA_Test/analysis/civic/cnvs/XF-A8HG-01A_vs_XF-A8HG-10A.reformat.filtered.facets.overview.clinicalAnnotation.civic_cnv.txt
    wildcards: sample=cnvs/XF-A8HG-01A_vs_XF-A8HG-10A.reformat.filtered.facets.overview.clinicalAnnotation
    resources: tmpdir=/scratch/slurm-job.1398255


[Tue May 30 13:42:44 2023]
rule civicQuery_snv:
    input: /cluster/work/nexus/antoine/Projects/2023_05_Molecular_Profil_CIViCutils/TCGA_Test/analysis/clinicalAnnotation/BL-A0C8-01A_vs_BL-A0C8-10A.correctNames.snpEff.dbSNP.cosmic.clinVar.dbnsfp.pass.combined.overview.clinicalAnnotation.txt
    output: /cluster/work/nexus/antoine/Projects/2023_05_Molecular_Profil_CIViCutils/TCGA_Test/analysis/civic/BL-A0C8-01A_vs_BL-A0C8-10A.correctNames.snpEff.dbSNP.cosmic.clinVar.dbnsfp.pass.combined.overview.clinicalAnnotation.civic_snv.txt
    jobid: 26
    benchmark: /cluster/work/nexus/antoine/Projects/2023_05_Molecular_Profil_CIViCutils/TCGA_Test/analysis/civic/BL-A0C8-01A_vs_BL-A0C8-10A.correctNames.snpEff.dbSNP.cosmic.clinVar.dbnsfp.pass.combined.overview.clinicalAnnotation.civicQuery_snv.benchmark
    reason: Missing output files: /cluster/work/nexus/antoine/Projects/2023_05_Molecular_Profil_CIViCutils/TCGA_Test/analysis/civic/BL-A0C8-01A_vs_BL-A0C8-10A.correctNames.snpEff.dbSNP.cosmic.clinVar.dbnsfp.pass.combined.overview.clinicalAnnotation.civic_snv.txt
    wildcards: sample=BL-A0C8-01A_vs_BL-A0C8-10A.correctNames.snpEff.dbSNP.cosmic.clinVar.dbnsfp.pass.combined.overview.clinicalAnnotation
    resources: tmpdir=/scratch/slurm-job.1398255

[Tue May 30 13:42:44 2023]
Error in rule civicQuery_cnv:
    jobid: 743
    input: /cluster/work/nexus/antoine/Projects/2023_05_Molecular_Profil_CIViCutils/TCGA_Test/analysis/clinicalAnnotation/cnvs/XF-A8HG-01A_vs_XF-A8HG-10A.reformat.filtered.facets.overview.clinicalAnnotation.txt
    output: /cluster/work/nexus/antoine/Projects/2023_05_Molecular_Profil_CIViCutils/TCGA_Test/analysis/civic/cnvs/XF-A8HG-01A_vs_XF-A8HG-10A.reformat.filtered.facets.overview.clinicalAnnotation.civic_cnv.txt
    shell:
        module load python_cpu/3.7.4; export PYTHONPATH=/cluster/customapps/nexus/sharedutils/pylibs/lib64/python3.7/site-packages/:$PYTHONPATH; export CIVICPY_CACHE_FILE=/cluster/customapps/biomed/nexus/sharedutils/db_cache/civicDB/cache.pkl; set -u ; python /cluster/work/nexus/antoine/Projects/2023_05_Molecular_Profil_CIViCutils/civicutils/tcga_analysis/scripts/Query_CIViCutils.py  --infile /cluster/work/nexus/antoine/Projects/2023_05_Molecular_Profil_CIViCutils/TCGA_Test/analysis/clinicalAnnotation/cnvs/XF-A8HG-01A_vs_XF-A8HG-10A.reformat.filtered.facets.overview.clinicalAnnotation.txt --outfile /cluster/work/nexus/antoine/Projects/2023_05_Molecular_Profil_CIViCutils/TCGA_Test/analysis/civic/cnvs/XF-A8HG-01A_vs_XF-A8HG-10A.reformat.filtered.facets.overview.clinicalAnnotation.civic_cnv.txt --cancer_type_list "bladder" --black_list "" --high_level_list "solid tumor" --colname_gene Genes --colname_data CNV_category --data_type cnv
        (one of the commands exited with non-zero exit code; note that snakemake uses bash strict mode!)

[Tue May 30 13:42:44 2023]
Error in rule civicQuery_snv:
    jobid: 26
    input: /cluster/work/nexus/antoine/Projects/2023_05_Molecular_Profil_CIViCutils/TCGA_Test/analysis/clinicalAnnotation/BL-A0C8-01A_vs_BL-A0C8-10A.correctNames.snpEff.dbSNP.cosmic.clinVar.dbnsfp.pass.combined.overview.clinicalAnnotation.txt
    output: /cluster/work/nexus/antoine/Projects/2023_05_Molecular_Profil_CIViCutils/TCGA_Test/analysis/civic/BL-A0C8-01A_vs_BL-A0C8-10A.correctNames.snpEff.dbSNP.cosmic.clinVar.dbnsfp.pass.combined.overview.clinicalAnnotation.civic_snv.txt
    shell:
        module load python_cpu/3.7.4; export PYTHONPATH=/cluster/customapps/nexus/sharedutils/pylibs/lib64/python3.7/site-packages/:$PYTHONPATH; export CIVICPY_CACHE_FILE=/cluster/customapps/biomed/nexus/sharedutils/db_cache/civicDB/cache.pkl; set -u ; python /cluster/work/nexus/antoine/Projects/2023_05_Molecular_Profil_CIViCutils/civicutils/tcga_analysis/scripts/Query_CIViCutils.py  --infile /cluster/work/nexus/antoine/Projects/2023_05_Molecular_Profil_CIViCutils/TCGA_Test/analysis/clinicalAnnotation/BL-A0C8-01A_vs_BL-A0C8-10A.correctNames.snpEff.dbSNP.cosmic.clinVar.dbnsfp.pass.combined.overview.clinicalAnnotation.txt --outfile /cluster/work/nexus/antoine/Projects/2023_05_Molecular_Profil_CIViCutils/TCGA_Test/analysis/civic/BL-A0C8-01A_vs_BL-A0C8-10A.correctNames.snpEff.dbSNP.cosmic.clinVar.dbnsfp.pass.combined.overview.clinicalAnnotation.civic_snv.txt --cancer_type_list "bladder" --black_list "" --high_level_list "solid tumor" --colname_gene Genes --colname_data Annotation --data_type snv --colName_varImpact VariantImpact --colName_exon VariantDetails
        (one of the commands exited with non-zero exit code; note that snakemake uses bash strict mode!)

Shutting down, this might take some time.
Exiting because a job execution failed. Look above for error message
Complete log: .snakemake/log/2023-05-30T134240.152737.snakemake.log
