Building DAG of jobs...
Using shell: /usr/bin/bash
Provided cores: 2
Rules claiming more threads will be scaled down.
Job stats:
job                     count    min threads    max threads
--------------------  -------  -------------  -------------
all                         1              1              1
civicQuery_cnv            412              1              1
civicQuery_snv            412              1              1
wes_seiler_tcga_2022        1              1              1
total                     826              1              1

Select jobs to execute...

[Tue May 30 12:56:41 2023]
rule civicQuery_cnv:
    input: /cluster/work/nexus/antoine/Projects/2023_05_Molecular_Profil_CIViCutils/TCGA_Test/analysis/clinicalAnnotation/cnvs/DK-A2I4-01A_vs_DK-A2I4-10A.reformat.filtered.facets.overview.clinicalAnnotation.txt
    output: /cluster/work/nexus/antoine/Projects/2023_05_Molecular_Profil_CIViCutils/TCGA_Test/analysis/civic/cnvs/DK-A2I4-01A_vs_DK-A2I4-10A.reformat.filtered.facets.overview.clinicalAnnotation.civic_cnv.txt
    jobid: 515
    benchmark: /cluster/work/nexus/antoine/Projects/2023_05_Molecular_Profil_CIViCutils/TCGA_Test/analysis/civic/cnvs/DK-A2I4-01A_vs_DK-A2I4-10A.reformat.filtered.facets.overview.clinicalAnnotation.civicQuery_cnv.benchmark
    reason: Missing output files: /cluster/work/nexus/antoine/Projects/2023_05_Molecular_Profil_CIViCutils/TCGA_Test/analysis/civic/cnvs/DK-A2I4-01A_vs_DK-A2I4-10A.reformat.filtered.facets.overview.clinicalAnnotation.civic_cnv.txt
    wildcards: sample=cnvs/DK-A2I4-01A_vs_DK-A2I4-10A.reformat.filtered.facets.overview.clinicalAnnotation
    resources: tmpdir=/scratch/slurm-job.1398255


[Tue May 30 12:56:43 2023]
rule civicQuery_cnv:
    input: /cluster/work/nexus/antoine/Projects/2023_05_Molecular_Profil_CIViCutils/TCGA_Test/analysis/clinicalAnnotation/cnvs/HQ-A5ND-01A_vs_HQ-A5ND-10A.reformat.filtered.facets.overview.clinicalAnnotation.txt
    output: /cluster/work/nexus/antoine/Projects/2023_05_Molecular_Profil_CIViCutils/TCGA_Test/analysis/civic/cnvs/HQ-A5ND-01A_vs_HQ-A5ND-10A.reformat.filtered.facets.overview.clinicalAnnotation.civic_cnv.txt
    jobid: 691
    benchmark: /cluster/work/nexus/antoine/Projects/2023_05_Molecular_Profil_CIViCutils/TCGA_Test/analysis/civic/cnvs/HQ-A5ND-01A_vs_HQ-A5ND-10A.reformat.filtered.facets.overview.clinicalAnnotation.civicQuery_cnv.benchmark
    reason: Missing output files: /cluster/work/nexus/antoine/Projects/2023_05_Molecular_Profil_CIViCutils/TCGA_Test/analysis/civic/cnvs/HQ-A5ND-01A_vs_HQ-A5ND-10A.reformat.filtered.facets.overview.clinicalAnnotation.civic_cnv.txt
    wildcards: sample=cnvs/HQ-A5ND-01A_vs_HQ-A5ND-10A.reformat.filtered.facets.overview.clinicalAnnotation
    resources: tmpdir=/scratch/slurm-job.1398255

[Tue May 30 12:56:43 2023]
[Tue May 30 12:56:43 2023]
Error in rule civicQuery_cnv:
    jobid: 691
    input: /cluster/work/nexus/antoine/Projects/2023_05_Molecular_Profil_CIViCutils/TCGA_Test/analysis/clinicalAnnotation/cnvs/HQ-A5ND-01A_vs_HQ-A5ND-10A.reformat.filtered.facets.overview.clinicalAnnotation.txt
    output: /cluster/work/nexus/antoine/Projects/2023_05_Molecular_Profil_CIViCutils/TCGA_Test/analysis/civic/cnvs/HQ-A5ND-01A_vs_HQ-A5ND-10A.reformat.filtered.facets.overview.clinicalAnnotation.civic_cnv.txt
    shell:
        module load python_cpu/3.7.4; export PYTHONPATH=/cluster/customapps/nexus/sharedutils/pylibs/lib64/python3.7/site-packages/:$PYTHONPATH; export CIVICPY_CACHE_FILE=/cluster/customapps/biomed/nexus/sharedutils/db_cache/civicDB/cache.pkl; set -u ; python /cluster/work/nexus/lourdes/test_swissMTB/pipeline_dna/scripts/Query_CIViCutils.py  --inputTable /cluster/work/nexus/antoine/Projects/2023_05_Molecular_Profil_CIViCutils/TCGA_Test/analysis/clinicalAnnotation/cnvs/HQ-A5ND-01A_vs_HQ-A5ND-10A.reformat.filtered.facets.overview.clinicalAnnotation.txt --outFile /cluster/work/nexus/antoine/Projects/2023_05_Molecular_Profil_CIViCutils/TCGA_Test/analysis/civic/cnvs/HQ-A5ND-01A_vs_HQ-A5ND-10A.reformat.filtered.facets.overview.clinicalAnnotation.civic_cnv.txt --cancerTypeList "bladder" --blackList "" --highLevelList "solid tumor" --colName_gene Genes --colName_data CNV_category --dataType cnv
        (one of the commands exited with non-zero exit code; note that snakemake uses bash strict mode!)

Error in rule civicQuery_cnv:
    jobid: 515
    input: /cluster/work/nexus/antoine/Projects/2023_05_Molecular_Profil_CIViCutils/TCGA_Test/analysis/clinicalAnnotation/cnvs/DK-A2I4-01A_vs_DK-A2I4-10A.reformat.filtered.facets.overview.clinicalAnnotation.txt
    output: /cluster/work/nexus/antoine/Projects/2023_05_Molecular_Profil_CIViCutils/TCGA_Test/analysis/civic/cnvs/DK-A2I4-01A_vs_DK-A2I4-10A.reformat.filtered.facets.overview.clinicalAnnotation.civic_cnv.txt
    shell:
        module load python_cpu/3.7.4; export PYTHONPATH=/cluster/customapps/nexus/sharedutils/pylibs/lib64/python3.7/site-packages/:$PYTHONPATH; export CIVICPY_CACHE_FILE=/cluster/customapps/biomed/nexus/sharedutils/db_cache/civicDB/cache.pkl; set -u ; python /cluster/work/nexus/lourdes/test_swissMTB/pipeline_dna/scripts/Query_CIViCutils.py  --inputTable /cluster/work/nexus/antoine/Projects/2023_05_Molecular_Profil_CIViCutils/TCGA_Test/analysis/clinicalAnnotation/cnvs/DK-A2I4-01A_vs_DK-A2I4-10A.reformat.filtered.facets.overview.clinicalAnnotation.txt --outFile /cluster/work/nexus/antoine/Projects/2023_05_Molecular_Profil_CIViCutils/TCGA_Test/analysis/civic/cnvs/DK-A2I4-01A_vs_DK-A2I4-10A.reformat.filtered.facets.overview.clinicalAnnotation.civic_cnv.txt --cancerTypeList "bladder" --blackList "" --highLevelList "solid tumor" --colName_gene Genes --colName_data CNV_category --dataType cnv
        (one of the commands exited with non-zero exit code; note that snakemake uses bash strict mode!)

Shutting down, this might take some time.
Exiting because a job execution failed. Look above for error message
Complete log: .snakemake/log/2023-05-30T125638.195849.snakemake.log
