Building DAG of jobs...
Using shell: /cvmfs/soft.computecanada.ca/gentoo/2020/bin/bash
Provided cores: 2
Rules claiming more threads will be scaled down.
Job stats:
job                     count    min threads    max threads
--------------------  -------  -------------  -------------
all                         1              1              1
civicQuery_cnv            411              1              1
civicQuery_snv            412              1              1
wes_seiler_tcga_2022        1              1              1
total                     825              1              1

Select jobs to execute...

[Tue May 30 14:57:14 2023]
rule civicQuery_cnv:
    input: /cluster/work/nexus/antoine/Projects/2023_05_Molecular_Profil_CIViCutils/TCGA_Test/analysis/clinicalAnnotation/cnvs/2F-A9KQ-01A_vs_2F-A9KQ-11A.reformat.filtered.facets.overview.clinicalAnnotation.txt
    output: /cluster/work/nexus/antoine/Projects/2023_05_Molecular_Profil_CIViCutils/TCGA_Test/analysis/civic/cnvs/2F-A9KQ-01A_vs_2F-A9KQ-11A.reformat.filtered.facets.overview.clinicalAnnotation.civic_cnv.txt
    jobid: 416
    benchmark: /cluster/work/nexus/antoine/Projects/2023_05_Molecular_Profil_CIViCutils/TCGA_Test/analysis/civic/cnvs/2F-A9KQ-01A_vs_2F-A9KQ-11A.reformat.filtered.facets.overview.clinicalAnnotation.civicQuery_cnv.benchmark
    reason: Missing output files: /cluster/work/nexus/antoine/Projects/2023_05_Molecular_Profil_CIViCutils/TCGA_Test/analysis/civic/cnvs/2F-A9KQ-01A_vs_2F-A9KQ-11A.reformat.filtered.facets.overview.clinicalAnnotation.civic_cnv.txt
    wildcards: sample=cnvs/2F-A9KQ-01A_vs_2F-A9KQ-11A.reformat.filtered.facets.overview.clinicalAnnotation
    resources: tmpdir=/scratch/slurm-job.1401622


[Tue May 30 14:57:16 2023]
rule civicQuery_cnv:
    input: /cluster/work/nexus/antoine/Projects/2023_05_Molecular_Profil_CIViCutils/TCGA_Test/analysis/clinicalAnnotation/cnvs/SY-A9G0-01A_vs_SY-A9G0-10A.reformat.filtered.facets.overview.clinicalAnnotation.txt
    output: /cluster/work/nexus/antoine/Projects/2023_05_Molecular_Profil_CIViCutils/TCGA_Test/analysis/civic/cnvs/SY-A9G0-01A_vs_SY-A9G0-10A.reformat.filtered.facets.overview.clinicalAnnotation.civic_cnv.txt
    jobid: 721
    benchmark: /cluster/work/nexus/antoine/Projects/2023_05_Molecular_Profil_CIViCutils/TCGA_Test/analysis/civic/cnvs/SY-A9G0-01A_vs_SY-A9G0-10A.reformat.filtered.facets.overview.clinicalAnnotation.civicQuery_cnv.benchmark
    reason: Missing output files: /cluster/work/nexus/antoine/Projects/2023_05_Molecular_Profil_CIViCutils/TCGA_Test/analysis/civic/cnvs/SY-A9G0-01A_vs_SY-A9G0-10A.reformat.filtered.facets.overview.clinicalAnnotation.civic_cnv.txt
    wildcards: sample=cnvs/SY-A9G0-01A_vs_SY-A9G0-10A.reformat.filtered.facets.overview.clinicalAnnotation
    resources: tmpdir=/scratch/slurm-job.1401622

[Tue May 30 14:58:05 2023]
Error in rule civicQuery_cnv:
    jobid: 721
    input: /cluster/work/nexus/antoine/Projects/2023_05_Molecular_Profil_CIViCutils/TCGA_Test/analysis/clinicalAnnotation/cnvs/SY-A9G0-01A_vs_SY-A9G0-10A.reformat.filtered.facets.overview.clinicalAnnotation.txt
    output: /cluster/work/nexus/antoine/Projects/2023_05_Molecular_Profil_CIViCutils/TCGA_Test/analysis/civic/cnvs/SY-A9G0-01A_vs_SY-A9G0-10A.reformat.filtered.facets.overview.clinicalAnnotation.civic_cnv.txt
    shell:
        python /cluster/work/nexus/antoine/Projects/2023_05_Molecular_Profil_CIViCutils/civicutils/tcga_analysis/scripts/Query_CIViCutils.py  --infile /cluster/work/nexus/antoine/Projects/2023_05_Molecular_Profil_CIViCutils/TCGA_Test/analysis/clinicalAnnotation/cnvs/SY-A9G0-01A_vs_SY-A9G0-10A.reformat.filtered.facets.overview.clinicalAnnotation.txt --outfile /cluster/work/nexus/antoine/Projects/2023_05_Molecular_Profil_CIViCutils/TCGA_Test/analysis/civic/cnvs/SY-A9G0-01A_vs_SY-A9G0-10A.reformat.filtered.facets.overview.clinicalAnnotation.civic_cnv.txt --cancer_type_list "bladder" --black_list "" --high_level_list "solid tumor" --colname_gene Genes --colname_data CNV_category --data_type cnv
        (one of the commands exited with non-zero exit code; note that snakemake uses bash strict mode!)

Removing output files of failed job civicQuery_cnv since they might be corrupted:
/cluster/work/nexus/antoine/Projects/2023_05_Molecular_Profil_CIViCutils/TCGA_Test/analysis/civic/cnvs/SY-A9G0-01A_vs_SY-A9G0-10A.reformat.filtered.facets.overview.clinicalAnnotation.civic_cnv.txt
[Tue May 30 14:58:47 2023]
Error in rule civicQuery_cnv:
    jobid: 416
    input: /cluster/work/nexus/antoine/Projects/2023_05_Molecular_Profil_CIViCutils/TCGA_Test/analysis/clinicalAnnotation/cnvs/2F-A9KQ-01A_vs_2F-A9KQ-11A.reformat.filtered.facets.overview.clinicalAnnotation.txt
    output: /cluster/work/nexus/antoine/Projects/2023_05_Molecular_Profil_CIViCutils/TCGA_Test/analysis/civic/cnvs/2F-A9KQ-01A_vs_2F-A9KQ-11A.reformat.filtered.facets.overview.clinicalAnnotation.civic_cnv.txt
    shell:
        python /cluster/work/nexus/antoine/Projects/2023_05_Molecular_Profil_CIViCutils/civicutils/tcga_analysis/scripts/Query_CIViCutils.py  --infile /cluster/work/nexus/antoine/Projects/2023_05_Molecular_Profil_CIViCutils/TCGA_Test/analysis/clinicalAnnotation/cnvs/2F-A9KQ-01A_vs_2F-A9KQ-11A.reformat.filtered.facets.overview.clinicalAnnotation.txt --outfile /cluster/work/nexus/antoine/Projects/2023_05_Molecular_Profil_CIViCutils/TCGA_Test/analysis/civic/cnvs/2F-A9KQ-01A_vs_2F-A9KQ-11A.reformat.filtered.facets.overview.clinicalAnnotation.civic_cnv.txt --cancer_type_list "bladder" --black_list "" --high_level_list "solid tumor" --colname_gene Genes --colname_data CNV_category --data_type cnv
        (one of the commands exited with non-zero exit code; note that snakemake uses bash strict mode!)

Removing output files of failed job civicQuery_cnv since they might be corrupted:
/cluster/work/nexus/antoine/Projects/2023_05_Molecular_Profil_CIViCutils/TCGA_Test/analysis/civic/cnvs/2F-A9KQ-01A_vs_2F-A9KQ-11A.reformat.filtered.facets.overview.clinicalAnnotation.civic_cnv.txt
Shutting down, this might take some time.
Exiting because a job execution failed. Look above for error message
Complete log: .snakemake/log/2023-05-30T145709.772146.snakemake.log
