Building DAG of jobs...
Using shell: /cvmfs/soft.computecanada.ca/gentoo/2020/bin/bash
Provided cores: 6
Rules claiming more threads will be scaled down.
Job stats:
job                     count    min threads    max threads
--------------------  -------  -------------  -------------
all                         1              1              1
civicQuery_cnv            411              1              1
civicQuery_snv            412              1              1
wes_seiler_tcga_2022        1              1              1
total                     825              1              1

Select jobs to execute...

[Tue May 30 14:51:27 2023]
rule civicQuery_cnv:
    input: /cluster/work/nexus/antoine/Projects/2023_05_Molecular_Profil_CIViCutils/TCGA_Test/analysis/clinicalAnnotation/cnvs/BT-A20U-01A_vs_BT-A20U-11A.reformat.filtered.facets.overview.clinicalAnnotation.txt
    output: /cluster/work/nexus/antoine/Projects/2023_05_Molecular_Profil_CIViCutils/TCGA_Test/analysis/civic/cnvs/BT-A20U-01A_vs_BT-A20U-11A.reformat.filtered.facets.overview.clinicalAnnotation.civic_cnv.txt
    jobid: 452
    benchmark: /cluster/work/nexus/antoine/Projects/2023_05_Molecular_Profil_CIViCutils/TCGA_Test/analysis/civic/cnvs/BT-A20U-01A_vs_BT-A20U-11A.reformat.filtered.facets.overview.clinicalAnnotation.civicQuery_cnv.benchmark
    reason: Missing output files: /cluster/work/nexus/antoine/Projects/2023_05_Molecular_Profil_CIViCutils/TCGA_Test/analysis/civic/cnvs/BT-A20U-01A_vs_BT-A20U-11A.reformat.filtered.facets.overview.clinicalAnnotation.civic_cnv.txt
    wildcards: sample=cnvs/BT-A20U-01A_vs_BT-A20U-11A.reformat.filtered.facets.overview.clinicalAnnotation
    resources: tmpdir=/scratch/slurm-job.1402015


[Tue May 30 14:51:29 2023]
rule civicQuery_snv:
    input: /cluster/work/nexus/antoine/Projects/2023_05_Molecular_Profil_CIViCutils/TCGA_Test/analysis/clinicalAnnotation/ZF-AA4V-01A_vs_ZF-AA4V-10A.correctNames.snpEff.dbSNP.cosmic.clinVar.dbnsfp.pass.combined.overview.clinicalAnnotation.txt
    output: /cluster/work/nexus/antoine/Projects/2023_05_Molecular_Profil_CIViCutils/TCGA_Test/analysis/civic/ZF-AA4V-01A_vs_ZF-AA4V-10A.correctNames.snpEff.dbSNP.cosmic.clinVar.dbnsfp.pass.combined.overview.clinicalAnnotation.civic_snv.txt
    jobid: 402
    benchmark: /cluster/work/nexus/antoine/Projects/2023_05_Molecular_Profil_CIViCutils/TCGA_Test/analysis/civic/ZF-AA4V-01A_vs_ZF-AA4V-10A.correctNames.snpEff.dbSNP.cosmic.clinVar.dbnsfp.pass.combined.overview.clinicalAnnotation.civicQuery_snv.benchmark
    reason: Missing output files: /cluster/work/nexus/antoine/Projects/2023_05_Molecular_Profil_CIViCutils/TCGA_Test/analysis/civic/ZF-AA4V-01A_vs_ZF-AA4V-10A.correctNames.snpEff.dbSNP.cosmic.clinVar.dbnsfp.pass.combined.overview.clinicalAnnotation.civic_snv.txt
    wildcards: sample=ZF-AA4V-01A_vs_ZF-AA4V-10A.correctNames.snpEff.dbSNP.cosmic.clinVar.dbnsfp.pass.combined.overview.clinicalAnnotation
    resources: tmpdir=/scratch/slurm-job.1402015


[Tue May 30 14:51:29 2023]
rule civicQuery_snv:
    input: /cluster/work/nexus/antoine/Projects/2023_05_Molecular_Profil_CIViCutils/TCGA_Test/analysis/clinicalAnnotation/BL-A13J-01A_vs_BL-A13J-10A.correctNames.snpEff.dbSNP.cosmic.clinVar.dbnsfp.pass.combined.overview.clinicalAnnotation.txt
    output: /cluster/work/nexus/antoine/Projects/2023_05_Molecular_Profil_CIViCutils/TCGA_Test/analysis/civic/BL-A13J-01A_vs_BL-A13J-10A.correctNames.snpEff.dbSNP.cosmic.clinVar.dbnsfp.pass.combined.overview.clinicalAnnotation.civic_snv.txt
    jobid: 28
    benchmark: /cluster/work/nexus/antoine/Projects/2023_05_Molecular_Profil_CIViCutils/TCGA_Test/analysis/civic/BL-A13J-01A_vs_BL-A13J-10A.correctNames.snpEff.dbSNP.cosmic.clinVar.dbnsfp.pass.combined.overview.clinicalAnnotation.civicQuery_snv.benchmark
    reason: Missing output files: /cluster/work/nexus/antoine/Projects/2023_05_Molecular_Profil_CIViCutils/TCGA_Test/analysis/civic/BL-A13J-01A_vs_BL-A13J-10A.correctNames.snpEff.dbSNP.cosmic.clinVar.dbnsfp.pass.combined.overview.clinicalAnnotation.civic_snv.txt
    wildcards: sample=BL-A13J-01A_vs_BL-A13J-10A.correctNames.snpEff.dbSNP.cosmic.clinVar.dbnsfp.pass.combined.overview.clinicalAnnotation
    resources: tmpdir=/scratch/slurm-job.1402015


[Tue May 30 14:51:29 2023]
rule civicQuery_snv:
    input: /cluster/work/nexus/antoine/Projects/2023_05_Molecular_Profil_CIViCutils/TCGA_Test/analysis/clinicalAnnotation/E5-A2PC-01A_vs_E5-A2PC-10B.correctNames.snpEff.dbSNP.cosmic.clinVar.dbnsfp.pass.combined.overview.clinicalAnnotation.txt
    output: /cluster/work/nexus/antoine/Projects/2023_05_Molecular_Profil_CIViCutils/TCGA_Test/analysis/civic/E5-A2PC-01A_vs_E5-A2PC-10B.correctNames.snpEff.dbSNP.cosmic.clinVar.dbnsfp.pass.combined.overview.clinicalAnnotation.civic_snv.txt
    jobid: 141
    benchmark: /cluster/work/nexus/antoine/Projects/2023_05_Molecular_Profil_CIViCutils/TCGA_Test/analysis/civic/E5-A2PC-01A_vs_E5-A2PC-10B.correctNames.snpEff.dbSNP.cosmic.clinVar.dbnsfp.pass.combined.overview.clinicalAnnotation.civicQuery_snv.benchmark
    reason: Missing output files: /cluster/work/nexus/antoine/Projects/2023_05_Molecular_Profil_CIViCutils/TCGA_Test/analysis/civic/E5-A2PC-01A_vs_E5-A2PC-10B.correctNames.snpEff.dbSNP.cosmic.clinVar.dbnsfp.pass.combined.overview.clinicalAnnotation.civic_snv.txt
    wildcards: sample=E5-A2PC-01A_vs_E5-A2PC-10B.correctNames.snpEff.dbSNP.cosmic.clinVar.dbnsfp.pass.combined.overview.clinicalAnnotation
    resources: tmpdir=/scratch/slurm-job.1402015


[Tue May 30 14:51:29 2023]
rule civicQuery_cnv:
    input: /cluster/work/nexus/antoine/Projects/2023_05_Molecular_Profil_CIViCutils/TCGA_Test/analysis/clinicalAnnotation/cnvs/PQ-A6FI-01A_vs_PQ-A6FI-10A.reformat.filtered.facets.overview.clinicalAnnotation.txt
    output: /cluster/work/nexus/antoine/Projects/2023_05_Molecular_Profil_CIViCutils/TCGA_Test/analysis/civic/cnvs/PQ-A6FI-01A_vs_PQ-A6FI-10A.reformat.filtered.facets.overview.clinicalAnnotation.civic_cnv.txt
    jobid: 716
    benchmark: /cluster/work/nexus/antoine/Projects/2023_05_Molecular_Profil_CIViCutils/TCGA_Test/analysis/civic/cnvs/PQ-A6FI-01A_vs_PQ-A6FI-10A.reformat.filtered.facets.overview.clinicalAnnotation.civicQuery_cnv.benchmark
    reason: Missing output files: /cluster/work/nexus/antoine/Projects/2023_05_Molecular_Profil_CIViCutils/TCGA_Test/analysis/civic/cnvs/PQ-A6FI-01A_vs_PQ-A6FI-10A.reformat.filtered.facets.overview.clinicalAnnotation.civic_cnv.txt
    wildcards: sample=cnvs/PQ-A6FI-01A_vs_PQ-A6FI-10A.reformat.filtered.facets.overview.clinicalAnnotation
    resources: tmpdir=/scratch/slurm-job.1402015


[Tue May 30 14:51:29 2023]
rule civicQuery_snv:
    input: /cluster/work/nexus/antoine/Projects/2023_05_Molecular_Profil_CIViCutils/TCGA_Test/analysis/clinicalAnnotation/G2-AA3D-01A_vs_G2-AA3D-10A.correctNames.snpEff.dbSNP.cosmic.clinVar.dbnsfp.pass.combined.overview.clinicalAnnotation.txt
    output: /cluster/work/nexus/antoine/Projects/2023_05_Molecular_Profil_CIViCutils/TCGA_Test/analysis/civic/G2-AA3D-01A_vs_G2-AA3D-10A.correctNames.snpEff.dbSNP.cosmic.clinVar.dbnsfp.pass.combined.overview.clinicalAnnotation.civic_snv.txt
    jobid: 233
    benchmark: /cluster/work/nexus/antoine/Projects/2023_05_Molecular_Profil_CIViCutils/TCGA_Test/analysis/civic/G2-AA3D-01A_vs_G2-AA3D-10A.correctNames.snpEff.dbSNP.cosmic.clinVar.dbnsfp.pass.combined.overview.clinicalAnnotation.civicQuery_snv.benchmark
    reason: Missing output files: /cluster/work/nexus/antoine/Projects/2023_05_Molecular_Profil_CIViCutils/TCGA_Test/analysis/civic/G2-AA3D-01A_vs_G2-AA3D-10A.correctNames.snpEff.dbSNP.cosmic.clinVar.dbnsfp.pass.combined.overview.clinicalAnnotation.civic_snv.txt
    wildcards: sample=G2-AA3D-01A_vs_G2-AA3D-10A.correctNames.snpEff.dbSNP.cosmic.clinVar.dbnsfp.pass.combined.overview.clinicalAnnotation
    resources: tmpdir=/scratch/slurm-job.1402015

[Tue May 30 14:51:29 2023]
Error in rule civicQuery_snv:
    jobid: 402
    input: /cluster/work/nexus/antoine/Projects/2023_05_Molecular_Profil_CIViCutils/TCGA_Test/analysis/clinicalAnnotation/ZF-AA4V-01A_vs_ZF-AA4V-10A.correctNames.snpEff.dbSNP.cosmic.clinVar.dbnsfp.pass.combined.overview.clinicalAnnotation.txt
    output: /cluster/work/nexus/antoine/Projects/2023_05_Molecular_Profil_CIViCutils/TCGA_Test/analysis/civic/ZF-AA4V-01A_vs_ZF-AA4V-10A.correctNames.snpEff.dbSNP.cosmic.clinVar.dbnsfp.pass.combined.overview.clinicalAnnotation.civic_snv.txt
    shell:
        python /cluster/work/nexus/antoine/Projects/2023_05_Molecular_Profil_CIViCutils/civicutils/tcga_analysis/scripts/Query_CIViCutils.py  --infile /cluster/work/nexus/antoine/Projects/2023_05_Molecular_Profil_CIViCutils/TCGA_Test/analysis/clinicalAnnotation/ZF-AA4V-01A_vs_ZF-AA4V-10A.correctNames.snpEff.dbSNP.cosmic.clinVar.dbnsfp.pass.combined.overview.clinicalAnnotation.txt --outfile /cluster/work/nexus/antoine/Projects/2023_05_Molecular_Profil_CIViCutils/TCGA_Test/analysis/civic/ZF-AA4V-01A_vs_ZF-AA4V-10A.correctNames.snpEff.dbSNP.cosmic.clinVar.dbnsfp.pass.combined.overview.clinicalAnnotation.civic_snv.txt --cancer_type_list "bladder" --black_list "" --high_level_list "solid tumor" --colname_gene Genes --colname_data Annotation --data_type snv --colname_impact VariantImpact --colname_exon VariantDetails
        (one of the commands exited with non-zero exit code; note that snakemake uses bash strict mode!)

[Tue May 30 14:51:29 2023]
Error in rule civicQuery_snv:
    jobid: 28
    input: /cluster/work/nexus/antoine/Projects/2023_05_Molecular_Profil_CIViCutils/TCGA_Test/analysis/clinicalAnnotation/BL-A13J-01A_vs_BL-A13J-10A.correctNames.snpEff.dbSNP.cosmic.clinVar.dbnsfp.pass.combined.overview.clinicalAnnotation.txt
    output: /cluster/work/nexus/antoine/Projects/2023_05_Molecular_Profil_CIViCutils/TCGA_Test/analysis/civic/BL-A13J-01A_vs_BL-A13J-10A.correctNames.snpEff.dbSNP.cosmic.clinVar.dbnsfp.pass.combined.overview.clinicalAnnotation.civic_snv.txt
    shell:
        python /cluster/work/nexus/antoine/Projects/2023_05_Molecular_Profil_CIViCutils/civicutils/tcga_analysis/scripts/Query_CIViCutils.py  --infile /cluster/work/nexus/antoine/Projects/2023_05_Molecular_Profil_CIViCutils/TCGA_Test/analysis/clinicalAnnotation/BL-A13J-01A_vs_BL-A13J-10A.correctNames.snpEff.dbSNP.cosmic.clinVar.dbnsfp.pass.combined.overview.clinicalAnnotation.txt --outfile /cluster/work/nexus/antoine/Projects/2023_05_Molecular_Profil_CIViCutils/TCGA_Test/analysis/civic/BL-A13J-01A_vs_BL-A13J-10A.correctNames.snpEff.dbSNP.cosmic.clinVar.dbnsfp.pass.combined.overview.clinicalAnnotation.civic_snv.txt --cancer_type_list "bladder" --black_list "" --high_level_list "solid tumor" --colname_gene Genes --colname_data Annotation --data_type snv --colname_impact VariantImpact --colname_exon VariantDetails
        (one of the commands exited with non-zero exit code; note that snakemake uses bash strict mode!)

[Tue May 30 14:51:29 2023]
Error in rule civicQuery_cnv:
    jobid: 452
    input: /cluster/work/nexus/antoine/Projects/2023_05_Molecular_Profil_CIViCutils/TCGA_Test/analysis/clinicalAnnotation/cnvs/BT-A20U-01A_vs_BT-A20U-11A.reformat.filtered.facets.overview.clinicalAnnotation.txt
    output: /cluster/work/nexus/antoine/Projects/2023_05_Molecular_Profil_CIViCutils/TCGA_Test/analysis/civic/cnvs/BT-A20U-01A_vs_BT-A20U-11A.reformat.filtered.facets.overview.clinicalAnnotation.civic_cnv.txt
    shell:
        python /cluster/work/nexus/antoine/Projects/2023_05_Molecular_Profil_CIViCutils/civicutils/tcga_analysis/scripts/Query_CIViCutils.py  --infile /cluster/work/nexus/antoine/Projects/2023_05_Molecular_Profil_CIViCutils/TCGA_Test/analysis/clinicalAnnotation/cnvs/BT-A20U-01A_vs_BT-A20U-11A.reformat.filtered.facets.overview.clinicalAnnotation.txt --outfile /cluster/work/nexus/antoine/Projects/2023_05_Molecular_Profil_CIViCutils/TCGA_Test/analysis/civic/cnvs/BT-A20U-01A_vs_BT-A20U-11A.reformat.filtered.facets.overview.clinicalAnnotation.civic_cnv.txt --cancer_type_list "bladder" --black_list "" --high_level_list "solid tumor" --colname_gene Genes --colname_data CNV_category --data_type cnv
        (one of the commands exited with non-zero exit code; note that snakemake uses bash strict mode!)

[Tue May 30 14:51:29 2023]
[Tue May 30 14:51:29 2023]
Error in rule civicQuery_snv:
    jobid: 141
    input: /cluster/work/nexus/antoine/Projects/2023_05_Molecular_Profil_CIViCutils/TCGA_Test/analysis/clinicalAnnotation/E5-A2PC-01A_vs_E5-A2PC-10B.correctNames.snpEff.dbSNP.cosmic.clinVar.dbnsfp.pass.combined.overview.clinicalAnnotation.txt
    output: /cluster/work/nexus/antoine/Projects/2023_05_Molecular_Profil_CIViCutils/TCGA_Test/analysis/civic/E5-A2PC-01A_vs_E5-A2PC-10B.correctNames.snpEff.dbSNP.cosmic.clinVar.dbnsfp.pass.combined.overview.clinicalAnnotation.civic_snv.txt
    shell:
        python /cluster/work/nexus/antoine/Projects/2023_05_Molecular_Profil_CIViCutils/civicutils/tcga_analysis/scripts/Query_CIViCutils.py  --infile /cluster/work/nexus/antoine/Projects/2023_05_Molecular_Profil_CIViCutils/TCGA_Test/analysis/clinicalAnnotation/E5-A2PC-01A_vs_E5-A2PC-10B.correctNames.snpEff.dbSNP.cosmic.clinVar.dbnsfp.pass.combined.overview.clinicalAnnotation.txt --outfile /cluster/work/nexus/antoine/Projects/2023_05_Molecular_Profil_CIViCutils/TCGA_Test/analysis/civic/E5-A2PC-01A_vs_E5-A2PC-10B.correctNames.snpEff.dbSNP.cosmic.clinVar.dbnsfp.pass.combined.overview.clinicalAnnotation.civic_snv.txt --cancer_type_list "bladder" --black_list "" --high_level_list "solid tumor" --colname_gene Genes --colname_data Annotation --data_type snv --colname_impact VariantImpact --colname_exon VariantDetails
        (one of the commands exited with non-zero exit code; note that snakemake uses bash strict mode!)

[Tue May 30 14:51:29 2023]
Error in rule civicQuery_cnv:
    jobid: 716
    input: /cluster/work/nexus/antoine/Projects/2023_05_Molecular_Profil_CIViCutils/TCGA_Test/analysis/clinicalAnnotation/cnvs/PQ-A6FI-01A_vs_PQ-A6FI-10A.reformat.filtered.facets.overview.clinicalAnnotation.txt
    output: /cluster/work/nexus/antoine/Projects/2023_05_Molecular_Profil_CIViCutils/TCGA_Test/analysis/civic/cnvs/PQ-A6FI-01A_vs_PQ-A6FI-10A.reformat.filtered.facets.overview.clinicalAnnotation.civic_cnv.txt
    shell:
        python /cluster/work/nexus/antoine/Projects/2023_05_Molecular_Profil_CIViCutils/civicutils/tcga_analysis/scripts/Query_CIViCutils.py  --infile /cluster/work/nexus/antoine/Projects/2023_05_Molecular_Profil_CIViCutils/TCGA_Test/analysis/clinicalAnnotation/cnvs/PQ-A6FI-01A_vs_PQ-A6FI-10A.reformat.filtered.facets.overview.clinicalAnnotation.txt --outfile /cluster/work/nexus/antoine/Projects/2023_05_Molecular_Profil_CIViCutils/TCGA_Test/analysis/civic/cnvs/PQ-A6FI-01A_vs_PQ-A6FI-10A.reformat.filtered.facets.overview.clinicalAnnotation.civic_cnv.txt --cancer_type_list "bladder" --black_list "" --high_level_list "solid tumor" --colname_gene Genes --colname_data CNV_category --data_type cnv
        (one of the commands exited with non-zero exit code; note that snakemake uses bash strict mode!)

Error in rule civicQuery_snv:
    jobid: 233
    input: /cluster/work/nexus/antoine/Projects/2023_05_Molecular_Profil_CIViCutils/TCGA_Test/analysis/clinicalAnnotation/G2-AA3D-01A_vs_G2-AA3D-10A.correctNames.snpEff.dbSNP.cosmic.clinVar.dbnsfp.pass.combined.overview.clinicalAnnotation.txt
    output: /cluster/work/nexus/antoine/Projects/2023_05_Molecular_Profil_CIViCutils/TCGA_Test/analysis/civic/G2-AA3D-01A_vs_G2-AA3D-10A.correctNames.snpEff.dbSNP.cosmic.clinVar.dbnsfp.pass.combined.overview.clinicalAnnotation.civic_snv.txt
    shell:
        python /cluster/work/nexus/antoine/Projects/2023_05_Molecular_Profil_CIViCutils/civicutils/tcga_analysis/scripts/Query_CIViCutils.py  --infile /cluster/work/nexus/antoine/Projects/2023_05_Molecular_Profil_CIViCutils/TCGA_Test/analysis/clinicalAnnotation/G2-AA3D-01A_vs_G2-AA3D-10A.correctNames.snpEff.dbSNP.cosmic.clinVar.dbnsfp.pass.combined.overview.clinicalAnnotation.txt --outfile /cluster/work/nexus/antoine/Projects/2023_05_Molecular_Profil_CIViCutils/TCGA_Test/analysis/civic/G2-AA3D-01A_vs_G2-AA3D-10A.correctNames.snpEff.dbSNP.cosmic.clinVar.dbnsfp.pass.combined.overview.clinicalAnnotation.civic_snv.txt --cancer_type_list "bladder" --black_list "" --high_level_list "solid tumor" --colname_gene Genes --colname_data Annotation --data_type snv --colname_impact VariantImpact --colname_exon VariantDetails
        (one of the commands exited with non-zero exit code; note that snakemake uses bash strict mode!)

Shutting down, this might take some time.
Exiting because a job execution failed. Look above for error message
Complete log: .snakemake/log/2023-05-30T145123.424260.snakemake.log
