Building DAG of jobs...
Using shell: /usr/bin/bash
Provided cores: 2
Rules claiming more threads will be scaled down.
Job stats:
job                     count    min threads    max threads
--------------------  -------  -------------  -------------
all                         1              1              1
civicQuery_cnv            412              1              1
civicQuery_snv            412              1              1
wes_seiler_tcga_2022        1              1              1
total                     826              1              1

Select jobs to execute...

[Tue May 30 13:23:41 2023]
rule civicQuery_cnv:
    input: /cluster/work/nexus/antoine/Projects/2023_05_Molecular_Profil_CIViCutils/TCGA_Test/analysis/clinicalAnnotation/cnvs/ZF-AA4R-01A_vs_ZF-AA4R-10A.reformat.filtered.facets.overview.clinicalAnnotation.txt
    output: /cluster/work/nexus/antoine/Projects/2023_05_Molecular_Profil_CIViCutils/TCGA_Test/analysis/civic/cnvs/ZF-AA4R-01A_vs_ZF-AA4R-10A.reformat.filtered.facets.overview.clinicalAnnotation.civic_cnv.txt
    jobid: 811
    benchmark: /cluster/work/nexus/antoine/Projects/2023_05_Molecular_Profil_CIViCutils/TCGA_Test/analysis/civic/cnvs/ZF-AA4R-01A_vs_ZF-AA4R-10A.reformat.filtered.facets.overview.clinicalAnnotation.civicQuery_cnv.benchmark
    reason: Missing output files: /cluster/work/nexus/antoine/Projects/2023_05_Molecular_Profil_CIViCutils/TCGA_Test/analysis/civic/cnvs/ZF-AA4R-01A_vs_ZF-AA4R-10A.reformat.filtered.facets.overview.clinicalAnnotation.civic_cnv.txt
    wildcards: sample=cnvs/ZF-AA4R-01A_vs_ZF-AA4R-10A.reformat.filtered.facets.overview.clinicalAnnotation
    resources: tmpdir=/scratch/slurm-job.1398255


[Tue May 30 13:23:42 2023]
rule civicQuery_cnv:
    input: /cluster/work/nexus/antoine/Projects/2023_05_Molecular_Profil_CIViCutils/TCGA_Test/analysis/clinicalAnnotation/cnvs/CF-A47X-01A_vs_CF-A47X-10A.reformat.filtered.facets.overview.clinicalAnnotation.txt
    output: /cluster/work/nexus/antoine/Projects/2023_05_Molecular_Profil_CIViCutils/TCGA_Test/analysis/civic/cnvs/CF-A47X-01A_vs_CF-A47X-10A.reformat.filtered.facets.overview.clinicalAnnotation.civic_cnv.txt
    jobid: 482
    benchmark: /cluster/work/nexus/antoine/Projects/2023_05_Molecular_Profil_CIViCutils/TCGA_Test/analysis/civic/cnvs/CF-A47X-01A_vs_CF-A47X-10A.reformat.filtered.facets.overview.clinicalAnnotation.civicQuery_cnv.benchmark
    reason: Missing output files: /cluster/work/nexus/antoine/Projects/2023_05_Molecular_Profil_CIViCutils/TCGA_Test/analysis/civic/cnvs/CF-A47X-01A_vs_CF-A47X-10A.reformat.filtered.facets.overview.clinicalAnnotation.civic_cnv.txt
    wildcards: sample=cnvs/CF-A47X-01A_vs_CF-A47X-10A.reformat.filtered.facets.overview.clinicalAnnotation
    resources: tmpdir=/scratch/slurm-job.1398255

[Tue May 30 13:23:42 2023]
Error in rule civicQuery_cnv:
    jobid: 482
    input: /cluster/work/nexus/antoine/Projects/2023_05_Molecular_Profil_CIViCutils/TCGA_Test/analysis/clinicalAnnotation/cnvs/CF-A47X-01A_vs_CF-A47X-10A.reformat.filtered.facets.overview.clinicalAnnotation.txt
    output: /cluster/work/nexus/antoine/Projects/2023_05_Molecular_Profil_CIViCutils/TCGA_Test/analysis/civic/cnvs/CF-A47X-01A_vs_CF-A47X-10A.reformat.filtered.facets.overview.clinicalAnnotation.civic_cnv.txt
    shell:
        module load python_cpu/3.7.4; export PYTHONPATH=/cluster/customapps/nexus/sharedutils/pylibs/lib64/python3.7/site-packages/:$PYTHONPATH; export CIVICPY_CACHE_FILE=/cluster/customapps/biomed/nexus/sharedutils/db_cache/civicDB/cache.pkl; set -u ; python /cluster/work/nexus/antoine/Projects/2023_05_Molecular_Profil_CIViCutils/civicutils/tcga_analysis/scripts/Query_CIViCutils.py  --inputTable /cluster/work/nexus/antoine/Projects/2023_05_Molecular_Profil_CIViCutils/TCGA_Test/analysis/clinicalAnnotation/cnvs/CF-A47X-01A_vs_CF-A47X-10A.reformat.filtered.facets.overview.clinicalAnnotation.txt --outFile /cluster/work/nexus/antoine/Projects/2023_05_Molecular_Profil_CIViCutils/TCGA_Test/analysis/civic/cnvs/CF-A47X-01A_vs_CF-A47X-10A.reformat.filtered.facets.overview.clinicalAnnotation.civic_cnv.txt --cancerTypeList "bladder" --blackList "" --highLevelList "solid tumor" --colName_gene Genes --colName_data CNV_category --dataType cnv
        (one of the commands exited with non-zero exit code; note that snakemake uses bash strict mode!)

[Tue May 30 13:23:42 2023]
Error in rule civicQuery_cnv:
    jobid: 811
    input: /cluster/work/nexus/antoine/Projects/2023_05_Molecular_Profil_CIViCutils/TCGA_Test/analysis/clinicalAnnotation/cnvs/ZF-AA4R-01A_vs_ZF-AA4R-10A.reformat.filtered.facets.overview.clinicalAnnotation.txt
    output: /cluster/work/nexus/antoine/Projects/2023_05_Molecular_Profil_CIViCutils/TCGA_Test/analysis/civic/cnvs/ZF-AA4R-01A_vs_ZF-AA4R-10A.reformat.filtered.facets.overview.clinicalAnnotation.civic_cnv.txt
    shell:
        module load python_cpu/3.7.4; export PYTHONPATH=/cluster/customapps/nexus/sharedutils/pylibs/lib64/python3.7/site-packages/:$PYTHONPATH; export CIVICPY_CACHE_FILE=/cluster/customapps/biomed/nexus/sharedutils/db_cache/civicDB/cache.pkl; set -u ; python /cluster/work/nexus/antoine/Projects/2023_05_Molecular_Profil_CIViCutils/civicutils/tcga_analysis/scripts/Query_CIViCutils.py  --inputTable /cluster/work/nexus/antoine/Projects/2023_05_Molecular_Profil_CIViCutils/TCGA_Test/analysis/clinicalAnnotation/cnvs/ZF-AA4R-01A_vs_ZF-AA4R-10A.reformat.filtered.facets.overview.clinicalAnnotation.txt --outFile /cluster/work/nexus/antoine/Projects/2023_05_Molecular_Profil_CIViCutils/TCGA_Test/analysis/civic/cnvs/ZF-AA4R-01A_vs_ZF-AA4R-10A.reformat.filtered.facets.overview.clinicalAnnotation.civic_cnv.txt --cancerTypeList "bladder" --blackList "" --highLevelList "solid tumor" --colName_gene Genes --colName_data CNV_category --dataType cnv
        (one of the commands exited with non-zero exit code; note that snakemake uses bash strict mode!)

Shutting down, this might take some time.
Exiting because a job execution failed. Look above for error message
Complete log: .snakemake/log/2023-05-30T132338.835373.snakemake.log
